[2020-10-30 17:58:08,562] {taskinstance.py:670} INFO - Dependencies all met for <TaskInstance: awsAutomate.startInstance 2020-10-30T12:27:02.245925+00:00 [queued]>
[2020-10-30 17:58:08,575] {taskinstance.py:670} INFO - Dependencies all met for <TaskInstance: awsAutomate.startInstance 2020-10-30T12:27:02.245925+00:00 [queued]>
[2020-10-30 17:58:08,575] {taskinstance.py:880} INFO - 
--------------------------------------------------------------------------------
[2020-10-30 17:58:08,575] {taskinstance.py:881} INFO - Starting attempt 1 of 1
[2020-10-30 17:58:08,576] {taskinstance.py:882} INFO - 
--------------------------------------------------------------------------------
[2020-10-30 17:58:08,728] {taskinstance.py:901} INFO - Executing <Task(PythonOperator): startInstance> on 2020-10-30T12:27:02.245925+00:00
[2020-10-30 17:58:08,734] {standard_task_runner.py:54} INFO - Started process 3154 to run task
[2020-10-30 17:58:08,761] {standard_task_runner.py:77} INFO - Running: ['airflow', 'run', 'awsAutomate', 'startInstance', '2020-10-30T12:27:02.245925+00:00', '--job_id', '356', '--pool', 'default_pool', '--raw', '-sd', 'DAGS_FOLDER/aws.py', '--cfg_path', '/tmp/tmpz5z_cdld']
[2020-10-30 17:58:08,762] {standard_task_runner.py:78} INFO - Job 356: Subtask startInstance
[2020-10-30 17:58:08,899] {logging_mixin.py:112} INFO - Running %s on host %s <TaskInstance: awsAutomate.startInstance 2020-10-30T12:27:02.245925+00:00 [running]> dipak-Inspiron-3542
[2020-10-30 17:58:08,914] {aws.py:70} INFO - Before
[2020-10-30 17:58:08,914] {aws.py:71} INFO - Execution date is {'conf': <airflow.configuration.AirflowConfigParser object at 0x7f8354a03978>, 'dag': <DAG: awsAutomate>, 'ds': '2020-10-30', 'next_ds': '2020-10-30', 'next_ds_nodash': '20201030', 'prev_ds': '2020-10-30', 'prev_ds_nodash': '20201030', 'ds_nodash': '20201030', 'ts': '2020-10-30T12:27:02.245925+00:00', 'ts_nodash': '20201030T122702', 'ts_nodash_with_tz': '20201030T122702.245925+0000', 'yesterday_ds': '2020-10-29', 'yesterday_ds_nodash': '20201029', 'tomorrow_ds': '2020-10-31', 'tomorrow_ds_nodash': '20201031', 'END_DATE': '2020-10-30', 'end_date': '2020-10-30', 'dag_run': <DagRun awsAutomate @ 2020-10-30 12:27:02.245925+00:00: manual__2020-10-30T12:27:02.245925+00:00, externally triggered: True>, 'run_id': 'manual__2020-10-30T12:27:02.245925+00:00', 'execution_date': <Pendulum [2020-10-30T12:27:02.245925+00:00]>, 'prev_execution_date': <Pendulum [2020-10-30T12:27:02.245925+00:00]>, 'prev_execution_date_success': <Proxy at 0x7f8341bd6a08 with factory <function TaskInstance.get_template_context.<locals>.<lambda> at 0x7f8341bcbea0>>, 'prev_start_date_success': <Proxy at 0x7f8341b6bdc8 with factory <function TaskInstance.get_template_context.<locals>.<lambda> at 0x7f8341b77840>>, 'next_execution_date': <Pendulum [2020-10-30T12:27:02.245925+00:00]>, 'latest_date': '2020-10-30', 'macros': <module 'airflow.macros' from '/home/dipak/airflow/airflow/lib/python3.6/site-packages/airflow/macros/__init__.py'>, 'params': {}, 'tables': None, 'task': <Task(PythonOperator): startInstance>, 'task_instance': <TaskInstance: awsAutomate.startInstance 2020-10-30T12:27:02.245925+00:00 [running]>, 'ti': <TaskInstance: awsAutomate.startInstance 2020-10-30T12:27:02.245925+00:00 [running]>, 'task_instance_key_str': 'awsAutomate__startInstance__20201030', 'test_mode': False, 'var': {'value': None, 'json': None}, 'inlets': [], 'outlets': [], 'templates_dict': None}
[2020-10-30 17:58:08,914] {aws.py:72} INFO - {'conf': <airflow.configuration.AirflowConfigParser object at 0x7f8354a03978>, 'dag': <DAG: awsAutomate>, 'ds': '2020-10-30', 'next_ds': '2020-10-30', 'next_ds_nodash': '20201030', 'prev_ds': '2020-10-30', 'prev_ds_nodash': '20201030', 'ds_nodash': '20201030', 'ts': '2020-10-30T12:27:02.245925+00:00', 'ts_nodash': '20201030T122702', 'ts_nodash_with_tz': '20201030T122702.245925+0000', 'yesterday_ds': '2020-10-29', 'yesterday_ds_nodash': '20201029', 'tomorrow_ds': '2020-10-31', 'tomorrow_ds_nodash': '20201031', 'END_DATE': '2020-10-30', 'end_date': '2020-10-30', 'dag_run': <DagRun awsAutomate @ 2020-10-30 12:27:02.245925+00:00: manual__2020-10-30T12:27:02.245925+00:00, externally triggered: True>, 'run_id': 'manual__2020-10-30T12:27:02.245925+00:00', 'execution_date': <Pendulum [2020-10-30T12:27:02.245925+00:00]>, 'prev_execution_date': <Pendulum [2020-10-30T12:27:02.245925+00:00]>, 'prev_execution_date_success': <Proxy at 0x7f8341bd6a08 with factory <function TaskInstance.get_template_context.<locals>.<lambda> at 0x7f8341bcbea0>>, 'prev_start_date_success': <Proxy at 0x7f8341b6bdc8 with factory <function TaskInstance.get_template_context.<locals>.<lambda> at 0x7f8341b77840>>, 'next_execution_date': <Pendulum [2020-10-30T12:27:02.245925+00:00]>, 'latest_date': '2020-10-30', 'macros': <module 'airflow.macros' from '/home/dipak/airflow/airflow/lib/python3.6/site-packages/airflow/macros/__init__.py'>, 'params': {}, 'tables': None, 'task': <Task(PythonOperator): startInstance>, 'task_instance': <TaskInstance: awsAutomate.startInstance 2020-10-30T12:27:02.245925+00:00 [running]>, 'ti': <TaskInstance: awsAutomate.startInstance 2020-10-30T12:27:02.245925+00:00 [running]>, 'task_instance_key_str': 'awsAutomate__startInstance__20201030', 'test_mode': False, 'var': {'value': None, 'json': None}, 'inlets': [], 'outlets': [], 'templates_dict': None}
[2020-10-30 17:58:09,778] {credentials.py:1217} INFO - Found credentials in shared credentials file: ~/.aws/credentials
[2020-10-30 17:58:11,379] {aws.py:76} INFO - Current state of the instance is running
[2020-10-30 17:58:11,379] {aws.py:80} INFO - Waiting for an instance to become available
[2020-10-30 17:59:11,774] {aws.py:83} INFO - Instance is up
[2020-10-30 17:59:12,117] {aws.py:85} INFO - ec2-18-237-119-134.us-west-2.compute.amazonaws.com
[2020-10-30 17:59:12,237] {aws.py:89} INFO - Global DNS is ec2-18-237-119-134.us-west-2.compute.amazonaws.com
[2020-10-30 17:59:12,237] {aws.py:55} INFO - {'dns': 'ec2-18-237-119-134.us-west-2.compute.amazonaws.com', 'conn_name': 'vyapar'}
[2020-10-30 17:59:12,249] {base_hook.py:89} INFO - Using connection to: id: vyapar. Host: ec2-18-237-119-134.us-west-2.compute.amazonaws.com, Port: None, Schema: None, Login: ubuntu, Password: None, extra: XXXXXXXX
[2020-10-30 17:59:12,251] {aws.py:59} INFO - ['__class__', '__delattr__', '__dict__', '__dir__', '__doc__', '__eq__', '__format__', '__ge__', '__getattribute__', '__gt__', '__hash__', '__init__', '__init_subclass__', '__le__', '__lt__', '__mapper__', '__module__', '__ne__', '__new__', '__reduce__', '__reduce_ex__', '__repr__', '__setattr__', '__sizeof__', '__str__', '__subclasshook__', '__table__', '__tablename__', '__weakref__', '_decl_class_registry', '_extra', '_password', '_sa_class_manager', '_sa_instance_state', '_set_context', '_types', 'conn_id', 'conn_type', 'debug_info', 'extra', 'extra_dejson', 'get_extra', 'get_hook', 'get_password', 'get_uri', 'host', 'id', 'is_encrypted', 'is_extra_encrypted', 'log', 'log_info', 'logger', 'login', 'metadata', 'parse_from_uri', 'password', 'port', 'rotate_fernet_key', 'schema', 'set_extra', 'set_password']
[2020-10-30 17:59:12,251] {aws.py:60} INFO - ec2-18-237-119-134.us-west-2.compute.amazonaws.com
[2020-10-30 17:59:12,251] {aws.py:62} INFO - ec2-18-237-119-134.us-west-2.compute.amazonaws.com
[2020-10-30 17:59:12,253] {python_operator.py:114} INFO - Done. Returned value was: None
[2020-10-30 17:59:12,256] {taskinstance.py:1070} INFO - Marking task as SUCCESS.dag_id=awsAutomate, task_id=startInstance, execution_date=20201030T122702, start_date=20201030T122808, end_date=20201030T122912
[2020-10-30 17:59:13,530] {local_task_job.py:102} INFO - Task exited with return code 0
